mode: atomic
github.com/SimonSchneider/traefik-jwt-decode/decoder/cached.go:15.71,22.16 2 3
github.com/SimonSchneider/traefik-jwt-decode/decoder/cached.go:25.2,26.21 2 3
github.com/SimonSchneider/traefik-jwt-decode/decoder/cached.go:22.16,24.3 1 0
github.com/SimonSchneider/traefik-jwt-decode/decoder/cached.go:29.63,30.35 1 8
github.com/SimonSchneider/traefik-jwt-decode/decoder/cached.go:34.2,35.16 2 7
github.com/SimonSchneider/traefik-jwt-decode/decoder/cached.go:38.2,39.19 2 4
github.com/SimonSchneider/traefik-jwt-decode/decoder/cached.go:30.35,33.3 2 1
github.com/SimonSchneider/traefik-jwt-decode/decoder/cached.go:35.16,37.3 1 3
github.com/SimonSchneider/traefik-jwt-decode/decoder/decoder.go:20.34,21.62 1 6
github.com/SimonSchneider/traefik-jwt-decode/decoder/decoder.go:24.2,24.12 1 4
github.com/SimonSchneider/traefik-jwt-decode/decoder/decoder.go:21.62,23.3 1 2
github.com/SimonSchneider/traefik-jwt-decode/decoder/jws.go:20.90,22.16 2 3
github.com/SimonSchneider/traefik-jwt-decode/decoder/jws.go:25.2,25.65 1 2
github.com/SimonSchneider/traefik-jwt-decode/decoder/jws.go:22.16,24.3 1 1
github.com/SimonSchneider/traefik-jwt-decode/decoder/jws.go:28.60,30.16 2 11
github.com/SimonSchneider/traefik-jwt-decode/decoder/jws.go:33.2,37.43 2 9
github.com/SimonSchneider/traefik-jwt-decode/decoder/jws.go:46.2,46.19 1 6
github.com/SimonSchneider/traefik-jwt-decode/decoder/jws.go:30.16,32.3 1 2
github.com/SimonSchneider/traefik-jwt-decode/decoder/jws.go:37.43,38.41 1 27
github.com/SimonSchneider/traefik-jwt-decode/decoder/jws.go:38.41,39.40 1 27
github.com/SimonSchneider/traefik-jwt-decode/decoder/jws.go:39.40,41.5 1 24
github.com/SimonSchneider/traefik-jwt-decode/decoder/jws.go:41.10,43.5 1 3
github.com/SimonSchneider/traefik-jwt-decode/decoder/jws.go:49.73,51.16 2 11
github.com/SimonSchneider/traefik-jwt-decode/decoder/jws.go:54.2,54.32 1 9
github.com/SimonSchneider/traefik-jwt-decode/decoder/jws.go:51.16,53.3 1 2
github.com/SimonSchneider/traefik-jwt-decode/decoder/server.go:18.77,20.2 1 2
github.com/SimonSchneider/traefik-jwt-decode/decoder/server.go:23.71,24.45 1 10
github.com/SimonSchneider/traefik-jwt-decode/decoder/server.go:28.2,30.16 3 8
github.com/SimonSchneider/traefik-jwt-decode/decoder/server.go:35.2,35.36 1 6
github.com/SimonSchneider/traefik-jwt-decode/decoder/server.go:40.2,40.29 1 4
github.com/SimonSchneider/traefik-jwt-decode/decoder/server.go:43.2,44.8 2 4
github.com/SimonSchneider/traefik-jwt-decode/decoder/server.go:24.45,27.3 2 2
github.com/SimonSchneider/traefik-jwt-decode/decoder/server.go:30.16,34.3 3 2
github.com/SimonSchneider/traefik-jwt-decode/decoder/server.go:35.36,39.3 3 2
github.com/SimonSchneider/traefik-jwt-decode/decoder/server.go:40.29,42.3 1 16
