mode: atomic
github.com/SimonSchneider/traefik-jwt-decode/decoder/cached.go:15.71,22.16 2 3
github.com/SimonSchneider/traefik-jwt-decode/decoder/cached.go:25.2,26.21 2 3
github.com/SimonSchneider/traefik-jwt-decode/decoder/cached.go:22.16,24.3 1 0
github.com/SimonSchneider/traefik-jwt-decode/decoder/cached.go:29.63,30.35 1 8
github.com/SimonSchneider/traefik-jwt-decode/decoder/cached.go:34.2,35.16 2 7
github.com/SimonSchneider/traefik-jwt-decode/decoder/cached.go:38.2,40.19 3 3
github.com/SimonSchneider/traefik-jwt-decode/decoder/cached.go:30.35,33.3 2 1
github.com/SimonSchneider/traefik-jwt-decode/decoder/cached.go:35.16,37.3 1 4
github.com/SimonSchneider/traefik-jwt-decode/decoder/jws.go:21.90,23.16 2 3
github.com/SimonSchneider/traefik-jwt-decode/decoder/jws.go:26.2,26.65 1 2
github.com/SimonSchneider/traefik-jwt-decode/decoder/jws.go:23.16,25.3 1 1
github.com/SimonSchneider/traefik-jwt-decode/decoder/jws.go:29.60,31.16 2 11
github.com/SimonSchneider/traefik-jwt-decode/decoder/jws.go:34.2,38.70 2 9
github.com/SimonSchneider/traefik-jwt-decode/decoder/jws.go:41.2,41.43 1 7
github.com/SimonSchneider/traefik-jwt-decode/decoder/jws.go:50.2,50.19 1 4
github.com/SimonSchneider/traefik-jwt-decode/decoder/jws.go:31.16,33.3 1 2
github.com/SimonSchneider/traefik-jwt-decode/decoder/jws.go:38.70,40.3 1 2
github.com/SimonSchneider/traefik-jwt-decode/decoder/jws.go:41.43,42.41 1 19
github.com/SimonSchneider/traefik-jwt-decode/decoder/jws.go:42.41,43.40 1 19
github.com/SimonSchneider/traefik-jwt-decode/decoder/jws.go:43.40,45.5 1 16
github.com/SimonSchneider/traefik-jwt-decode/decoder/jws.go:45.10,47.5 1 3
github.com/SimonSchneider/traefik-jwt-decode/decoder/jws.go:53.73,55.16 2 11
github.com/SimonSchneider/traefik-jwt-decode/decoder/jws.go:58.2,58.32 1 9
github.com/SimonSchneider/traefik-jwt-decode/decoder/jws.go:55.16,57.3 1 2
github.com/SimonSchneider/traefik-jwt-decode/decoder/server.go:18.77,20.2 1 2
github.com/SimonSchneider/traefik-jwt-decode/decoder/server.go:23.71,24.45 1 10
github.com/SimonSchneider/traefik-jwt-decode/decoder/server.go:28.2,30.16 3 8
github.com/SimonSchneider/traefik-jwt-decode/decoder/server.go:35.2,35.29 1 4
github.com/SimonSchneider/traefik-jwt-decode/decoder/server.go:38.2,39.8 2 4
github.com/SimonSchneider/traefik-jwt-decode/decoder/server.go:24.45,27.3 2 2
github.com/SimonSchneider/traefik-jwt-decode/decoder/server.go:30.16,34.3 3 4
github.com/SimonSchneider/traefik-jwt-decode/decoder/server.go:35.29,37.3 1 16
